<?xml version="1.0" encoding="UTF-8"?>
<!-- Generated by org.testng.reporters.JUnitReportReporter -->
<testsuite hostname="INSPIRON-3493" failures="0" tests="1" name="Iframe.Iframe" time="8.408" errors="0" timestamp="2024-07-02T12:02:55 IST" skipped="0">
  <testcase classname="Iframe.Iframe" name="test1" time="8.408"/>
</testsuite> <!-- Iframe.Iframe -->
