<?xml version="1.0" encoding="UTF-8"?>
<!-- Generated by org.testng.reporters.JUnitReportReporter -->
<testsuite hostname="INSPIRON-3493" failures="0" tests="1" name="Globalsqa.globalsqa_frame" time="13.089" errors="0" timestamp="2024-07-02T12:39:18 IST" skipped="0">
  <testcase classname="Globalsqa.globalsqa_frame" name="iframe" time="13.089"/>
</testsuite> <!-- Globalsqa.globalsqa_frame -->
